#! /usr/bin/vvp
:ivl_version "11.0 (stable)";
:ivl_delay_selection "TYPICAL";
:vpi_time_precision + 0;
:vpi_module "/usr/lib/x86_64-linux-gnu/ivl/system.vpi";
:vpi_module "/usr/lib/x86_64-linux-gnu/ivl/vhdl_sys.vpi";
:vpi_module "/usr/lib/x86_64-linux-gnu/ivl/vhdl_textio.vpi";
:vpi_module "/usr/lib/x86_64-linux-gnu/ivl/v2005_math.vpi";
:vpi_module "/usr/lib/x86_64-linux-gnu/ivl/va_math.vpi";
S_0x5618ef5c0370 .scope module, "andblock_tb" "andblock_tb" 2 2;
 .timescale 0 0;
v0x5618ef5d6bc0_0 .var "A", 3 0;
v0x5618ef5d6c80_0 .var "B", 3 0;
v0x5618ef5d6d50_0 .net "C", 3 0, L_0x5618ef5d76d0;  1 drivers
S_0x5618ef5c0500 .scope module, "DUT" "andblock" 2 6, 3 1 0, S_0x5618ef5c0370;
 .timescale 0 0;
    .port_info 0 /INPUT 4 "A";
    .port_info 1 /INPUT 4 "B";
    .port_info 2 /OUTPUT 4 "C";
L_0x5618ef5d6e50 .functor AND 1, L_0x5618ef5d6f50, L_0x5618ef5d7040, C4<1>, C4<1>;
L_0x5618ef5d7180 .functor AND 1, L_0x5618ef5d71f0, L_0x5618ef5d72e0, C4<1>, C4<1>;
L_0x5618ef5d7400 .functor AND 1, L_0x5618ef5d7470, L_0x5618ef5d7560, C4<1>, C4<1>;
L_0x5618ef5d7860 .functor AND 1, L_0x5618ef5d7950, L_0x5618ef5d7a90, C4<1>, C4<1>;
v0x5618ef5ad680_0 .net "A", 3 0, v0x5618ef5d6bc0_0;  1 drivers
v0x5618ef5d5ed0_0 .net "B", 3 0, v0x5618ef5d6c80_0;  1 drivers
v0x5618ef5d5fb0_0 .net "C", 3 0, L_0x5618ef5d76d0;  alias, 1 drivers
v0x5618ef5d6070_0 .net *"_ivl_1", 0 0, L_0x5618ef5d6e50;  1 drivers
v0x5618ef5d6150_0 .net *"_ivl_11", 0 0, L_0x5618ef5d71f0;  1 drivers
v0x5618ef5d6280_0 .net *"_ivl_13", 0 0, L_0x5618ef5d72e0;  1 drivers
v0x5618ef5d6360_0 .net *"_ivl_15", 0 0, L_0x5618ef5d7400;  1 drivers
v0x5618ef5d6440_0 .net *"_ivl_18", 0 0, L_0x5618ef5d7470;  1 drivers
v0x5618ef5d6520_0 .net *"_ivl_20", 0 0, L_0x5618ef5d7560;  1 drivers
v0x5618ef5d6600_0 .net *"_ivl_22", 0 0, L_0x5618ef5d7860;  1 drivers
v0x5618ef5d66e0_0 .net *"_ivl_26", 0 0, L_0x5618ef5d7950;  1 drivers
v0x5618ef5d67c0_0 .net *"_ivl_28", 0 0, L_0x5618ef5d7a90;  1 drivers
v0x5618ef5d68a0_0 .net *"_ivl_4", 0 0, L_0x5618ef5d6f50;  1 drivers
v0x5618ef5d6980_0 .net *"_ivl_6", 0 0, L_0x5618ef5d7040;  1 drivers
v0x5618ef5d6a60_0 .net *"_ivl_8", 0 0, L_0x5618ef5d7180;  1 drivers
L_0x5618ef5d6f50 .part v0x5618ef5d6bc0_0, 3, 1;
L_0x5618ef5d7040 .part v0x5618ef5d6c80_0, 3, 1;
L_0x5618ef5d71f0 .part v0x5618ef5d6bc0_0, 2, 1;
L_0x5618ef5d72e0 .part v0x5618ef5d6c80_0, 2, 1;
L_0x5618ef5d7470 .part v0x5618ef5d6bc0_0, 1, 1;
L_0x5618ef5d7560 .part v0x5618ef5d6c80_0, 1, 1;
L_0x5618ef5d76d0 .concat8 [ 1 1 1 1], L_0x5618ef5d7860, L_0x5618ef5d7400, L_0x5618ef5d7180, L_0x5618ef5d6e50;
L_0x5618ef5d7950 .part v0x5618ef5d6bc0_0, 0, 1;
L_0x5618ef5d7a90 .part v0x5618ef5d6c80_0, 0, 1;
    .scope S_0x5618ef5c0370;
T_0 ;
    %vpi_call 2 9 "$dumpfile", "andblock_tb.vcd" {0 0 0};
    %vpi_call 2 10 "$dumpvars", 32'sb00000000000000000000000000000000, S_0x5618ef5c0370 {0 0 0};
    %pushi/vec4 5, 0, 4;
    %store/vec4 v0x5618ef5d6bc0_0, 0, 4;
    %pushi/vec4 9, 0, 4;
    %store/vec4 v0x5618ef5d6c80_0, 0, 4;
    %delay 10, 0;
    %pushi/vec4 4, 0, 4;
    %store/vec4 v0x5618ef5d6bc0_0, 0, 4;
    %pushi/vec4 11, 0, 4;
    %store/vec4 v0x5618ef5d6c80_0, 0, 4;
    %delay 10, 0;
    %pushi/vec4 0, 0, 4;
    %store/vec4 v0x5618ef5d6bc0_0, 0, 4;
    %pushi/vec4 15, 0, 4;
    %store/vec4 v0x5618ef5d6c80_0, 0, 4;
    %delay 10, 0;
    %pushi/vec4 6, 0, 4;
    %store/vec4 v0x5618ef5d6bc0_0, 0, 4;
    %pushi/vec4 13, 0, 4;
    %store/vec4 v0x5618ef5d6c80_0, 0, 4;
    %delay 10, 0;
    %pushi/vec4 8, 0, 4;
    %store/vec4 v0x5618ef5d6bc0_0, 0, 4;
    %pushi/vec4 8, 0, 4;
    %store/vec4 v0x5618ef5d6c80_0, 0, 4;
    %delay 10, 0;
    %pushi/vec4 5, 0, 4;
    %store/vec4 v0x5618ef5d6bc0_0, 0, 4;
    %pushi/vec4 12, 0, 4;
    %store/vec4 v0x5618ef5d6c80_0, 0, 4;
    %delay 10, 0;
    %pushi/vec4 0, 0, 4;
    %store/vec4 v0x5618ef5d6bc0_0, 0, 4;
    %pushi/vec4 11, 0, 4;
    %store/vec4 v0x5618ef5d6c80_0, 0, 4;
    %delay 10, 0;
    %pushi/vec4 3, 0, 4;
    %store/vec4 v0x5618ef5d6bc0_0, 0, 4;
    %pushi/vec4 12, 0, 4;
    %store/vec4 v0x5618ef5d6c80_0, 0, 4;
    %delay 10, 0;
    %vpi_call 2 43 "$finish" {0 0 0};
    %end;
    .thread T_0;
# The file index is used to find the file name in the following table.
:file_names 4;
    "N/A";
    "<interactive>";
    "andblock_tb.v";
    "./andblock.v";
